Analysis & Synthesis report for TP
Tue Oct 27 19:53:23 2020
Quartus II 64-Bit Version 13.0.1 Build 232 06/12/2013 Service Pack 1 SJ Web Edition


---------------------
; Table of Contents ;
---------------------
  1. Legal Notice
  2. Analysis & Synthesis Summary
  3. Analysis & Synthesis Settings
  4. Parallel Compilation
  5. Analysis & Synthesis Source Files Read
  6. Analysis & Synthesis Resource Usage Summary
  7. Analysis & Synthesis Resource Utilization by Entity
  8. State Machine - |WashMachine|curr_state
  9. User-Specified and Inferred Latches
 10. General Register Statistics
 11. Parameter Settings for Inferred Entity Instance: ClothesLevel:CL1|lpm_divide:Div0
 12. Elapsed Time Per Partition
 13. Analysis & Synthesis Messages



----------------
; Legal Notice ;
----------------
Copyright (C) 1991-2013 Altera Corporation
Your use of Altera Corporation's design tools, logic functions 
and other software and tools, and its AMPP partner logic 
functions, and any output files from any of the foregoing 
(including device programming or simulation files), and any 
associated documentation or information are expressly subject 
to the terms and conditions of the Altera Program License 
Subscription Agreement, Altera MegaCore Function License 
Agreement, or other applicable license agreement, including, 
without limitation, that your use is for the sole purpose of 
programming logic devices manufactured by Altera and sold by 
Altera or its authorized distributors.  Please refer to the 
applicable agreement for further details.



+--------------------------------------------------------------------------------------+
; Analysis & Synthesis Summary                                                         ;
+------------------------------------+-------------------------------------------------+
; Analysis & Synthesis Status        ; Successful - Tue Oct 27 19:53:23 2020           ;
; Quartus II 64-Bit Version          ; 13.0.1 Build 232 06/12/2013 SP 1 SJ Web Edition ;
; Revision Name                      ; TP                                              ;
; Top-level Entity Name              ; WashMachine                                     ;
; Family                             ; Cyclone II                                      ;
; Total logic elements               ; 182                                             ;
;     Total combinational functions  ; 181                                             ;
;     Dedicated logic registers      ; 10                                              ;
; Total registers                    ; 10                                              ;
; Total pins                         ; 55                                              ;
; Total virtual pins                 ; 0                                               ;
; Total memory bits                  ; 0                                               ;
; Embedded Multiplier 9-bit elements ; 0                                               ;
; Total PLLs                         ; 0                                               ;
+------------------------------------+-------------------------------------------------+


+----------------------------------------------------------------------------------------------------------------------+
; Analysis & Synthesis Settings                                                                                        ;
+----------------------------------------------------------------------------+--------------------+--------------------+
; Option                                                                     ; Setting            ; Default Value      ;
+----------------------------------------------------------------------------+--------------------+--------------------+
; Device                                                                     ; EP2C35F672C6       ;                    ;
; Top-level entity name                                                      ; WashMachine        ; TP                 ;
; Family name                                                                ; Cyclone II         ; Cyclone IV GX      ;
; Use smart compilation                                                      ; Off                ; Off                ;
; Enable parallel Assembler and TimeQuest Timing Analyzer during compilation ; On                 ; On                 ;
; Enable compact report table                                                ; Off                ; Off                ;
; Restructure Multiplexers                                                   ; Auto               ; Auto               ;
; Create Debugging Nodes for IP Cores                                        ; Off                ; Off                ;
; Preserve fewer node names                                                  ; On                 ; On                 ;
; Disable OpenCore Plus hardware evaluation                                  ; Off                ; Off                ;
; Verilog Version                                                            ; Verilog_2001       ; Verilog_2001       ;
; VHDL Version                                                               ; VHDL_1993          ; VHDL_1993          ;
; State Machine Processing                                                   ; Auto               ; Auto               ;
; Safe State Machine                                                         ; Off                ; Off                ;
; Extract Verilog State Machines                                             ; On                 ; On                 ;
; Extract VHDL State Machines                                                ; On                 ; On                 ;
; Ignore Verilog initial constructs                                          ; Off                ; Off                ;
; Iteration limit for constant Verilog loops                                 ; 5000               ; 5000               ;
; Iteration limit for non-constant Verilog loops                             ; 250                ; 250                ;
; Add Pass-Through Logic to Inferred RAMs                                    ; On                 ; On                 ;
; Infer RAMs from Raw Logic                                                  ; On                 ; On                 ;
; Parallel Synthesis                                                         ; On                 ; On                 ;
; DSP Block Balancing                                                        ; Auto               ; Auto               ;
; NOT Gate Push-Back                                                         ; On                 ; On                 ;
; Power-Up Don't Care                                                        ; On                 ; On                 ;
; Remove Redundant Logic Cells                                               ; Off                ; Off                ;
; Remove Duplicate Registers                                                 ; On                 ; On                 ;
; Ignore CARRY Buffers                                                       ; Off                ; Off                ;
; Ignore CASCADE Buffers                                                     ; Off                ; Off                ;
; Ignore GLOBAL Buffers                                                      ; Off                ; Off                ;
; Ignore ROW GLOBAL Buffers                                                  ; Off                ; Off                ;
; Ignore LCELL Buffers                                                       ; Off                ; Off                ;
; Ignore SOFT Buffers                                                        ; On                 ; On                 ;
; Limit AHDL Integers to 32 Bits                                             ; Off                ; Off                ;
; Optimization Technique                                                     ; Balanced           ; Balanced           ;
; Carry Chain Length                                                         ; 70                 ; 70                 ;
; Auto Carry Chains                                                          ; On                 ; On                 ;
; Auto Open-Drain Pins                                                       ; On                 ; On                 ;
; Perform WYSIWYG Primitive Resynthesis                                      ; Off                ; Off                ;
; Auto ROM Replacement                                                       ; On                 ; On                 ;
; Auto RAM Replacement                                                       ; On                 ; On                 ;
; Auto Shift Register Replacement                                            ; Auto               ; Auto               ;
; Allow Shift Register Merging across Hierarchies                            ; Auto               ; Auto               ;
; Auto Clock Enable Replacement                                              ; On                 ; On                 ;
; Strict RAM Replacement                                                     ; Off                ; Off                ;
; Allow Synchronous Control Signals                                          ; On                 ; On                 ;
; Force Use of Synchronous Clear Signals                                     ; Off                ; Off                ;
; Auto RAM to Logic Cell Conversion                                          ; Off                ; Off                ;
; Auto Resource Sharing                                                      ; Off                ; Off                ;
; Allow Any RAM Size For Recognition                                         ; Off                ; Off                ;
; Allow Any ROM Size For Recognition                                         ; Off                ; Off                ;
; Allow Any Shift Register Size For Recognition                              ; Off                ; Off                ;
; Use LogicLock Constraints during Resource Balancing                        ; On                 ; On                 ;
; Ignore translate_off and synthesis_off directives                          ; Off                ; Off                ;
; Timing-Driven Synthesis                                                    ; Off                ; Off                ;
; Report Parameter Settings                                                  ; On                 ; On                 ;
; Report Source Assignments                                                  ; On                 ; On                 ;
; Report Connectivity Checks                                                 ; On                 ; On                 ;
; Ignore Maximum Fan-Out Assignments                                         ; Off                ; Off                ;
; Synchronization Register Chain Length                                      ; 2                  ; 2                  ;
; PowerPlay Power Optimization                                               ; Normal compilation ; Normal compilation ;
; HDL message level                                                          ; Level2             ; Level2             ;
; Suppress Register Optimization Related Messages                            ; Off                ; Off                ;
; Number of Removed Registers Reported in Synthesis Report                   ; 5000               ; 5000               ;
; Number of Swept Nodes Reported in Synthesis Report                         ; 5000               ; 5000               ;
; Number of Inverted Registers Reported in Synthesis Report                  ; 100                ; 100                ;
; Clock MUX Protection                                                       ; On                 ; On                 ;
; Auto Gated Clock Conversion                                                ; Off                ; Off                ;
; Block Design Naming                                                        ; Auto               ; Auto               ;
; SDC constraint protection                                                  ; Off                ; Off                ;
; Synthesis Effort                                                           ; Auto               ; Auto               ;
; Shift Register Replacement - Allow Asynchronous Clear Signal               ; On                 ; On                 ;
; Pre-Mapping Resynthesis Optimization                                       ; Off                ; Off                ;
; Analysis & Synthesis Message Level                                         ; Medium             ; Medium             ;
; Disable Register Merging Across Hierarchies                                ; Auto               ; Auto               ;
; Resource Aware Inference For Block RAM                                     ; On                 ; On                 ;
; Synthesis Seed                                                             ; 1                  ; 1                  ;
+----------------------------------------------------------------------------+--------------------+--------------------+


Parallel compilation was disabled, but you have multiple processors available. Enable parallel compilation to reduce compilation time.
+-------------------------------------+
; Parallel Compilation                ;
+----------------------------+--------+
; Processors                 ; Number ;
+----------------------------+--------+
; Number detected on machine ; 8      ;
; Maximum allowed            ; 1      ;
+----------------------------+--------+


+----------------------------------------------------------------------------------------------------------------------------------------------------------------------------------+
; Analysis & Synthesis Source Files Read                                                                                                                                           ;
+----------------------------------+-----------------+------------------------------+------------------------------------------------------------------------------------+---------+
; File Name with User-Entered Path ; Used in Netlist ; File Type                    ; File Name with Absolute Path                                                       ; Library ;
+----------------------------------+-----------------+------------------------------+------------------------------------------------------------------------------------+---------+
; ClothesLevel.vhd                 ; yes             ; User VHDL File               ; C:/Users/joaom/OneDrive/햞ea de Trabalho/WashingMachine/ClothesLevel.vhd           ;         ;
; DrainOut.vhd                     ; yes             ; User VHDL File               ; C:/Users/joaom/OneDrive/햞ea de Trabalho/WashingMachine/DrainOut.vhd               ;         ;
; AddWater.vhd                     ; yes             ; User VHDL File               ; C:/Users/joaom/OneDrive/햞ea de Trabalho/WashingMachine/AddWater.vhd               ;         ;
; WashMachine.vhd                  ; yes             ; User VHDL File               ; C:/Users/joaom/OneDrive/햞ea de Trabalho/WashingMachine/WashMachine.vhd            ;         ;
; lpm_divide.tdf                   ; yes             ; Megafunction                 ; d:/altera/13.0sp1/quartus/libraries/megafunctions/lpm_divide.tdf                   ;         ;
; abs_divider.inc                  ; yes             ; Megafunction                 ; d:/altera/13.0sp1/quartus/libraries/megafunctions/abs_divider.inc                  ;         ;
; sign_div_unsign.inc              ; yes             ; Megafunction                 ; d:/altera/13.0sp1/quartus/libraries/megafunctions/sign_div_unsign.inc              ;         ;
; aglobal130.inc                   ; yes             ; Megafunction                 ; d:/altera/13.0sp1/quartus/libraries/megafunctions/aglobal130.inc                   ;         ;
; db/lpm_divide_cem.tdf            ; yes             ; Auto-Generated Megafunction  ; C:/Users/joaom/OneDrive/햞ea de Trabalho/WashingMachine/db/lpm_divide_cem.tdf      ;         ;
; db/sign_div_unsign_mlh.tdf       ; yes             ; Auto-Generated Megafunction  ; C:/Users/joaom/OneDrive/햞ea de Trabalho/WashingMachine/db/sign_div_unsign_mlh.tdf ;         ;
; db/alt_u_div_e2f.tdf             ; yes             ; Auto-Generated Megafunction  ; C:/Users/joaom/OneDrive/햞ea de Trabalho/WashingMachine/db/alt_u_div_e2f.tdf       ;         ;
; db/add_sub_lkc.tdf               ; yes             ; Auto-Generated Megafunction  ; C:/Users/joaom/OneDrive/햞ea de Trabalho/WashingMachine/db/add_sub_lkc.tdf         ;         ;
; db/add_sub_mkc.tdf               ; yes             ; Auto-Generated Megafunction  ; C:/Users/joaom/OneDrive/햞ea de Trabalho/WashingMachine/db/add_sub_mkc.tdf         ;         ;
+----------------------------------+-----------------+------------------------------+------------------------------------------------------------------------------------+---------+


+-----------------------------------------------------+
; Analysis & Synthesis Resource Usage Summary         ;
+---------------------------------------------+-------+
; Resource                                    ; Usage ;
+---------------------------------------------+-------+
; Estimated Total logic elements              ; 182   ;
;                                             ;       ;
; Total combinational functions               ; 181   ;
; Logic element usage by number of LUT inputs ;       ;
;     -- 4 input functions                    ; 48    ;
;     -- 3 input functions                    ; 65    ;
;     -- <=2 input functions                  ; 68    ;
;                                             ;       ;
; Logic elements by mode                      ;       ;
;     -- normal mode                          ; 121   ;
;     -- arithmetic mode                      ; 60    ;
;                                             ;       ;
; Total registers                             ; 10    ;
;     -- Dedicated logic registers            ; 10    ;
;     -- I/O registers                        ; 0     ;
;                                             ;       ;
; I/O pins                                    ; 55    ;
; Embedded Multiplier 9-bit elements          ; 0     ;
; Maximum fan-out node                        ; clock ;
; Maximum fan-out                             ; 10    ;
; Total fan-out                               ; 520   ;
; Average fan-out                             ; 2.11  ;
+---------------------------------------------+-------+


+------------------------------------------------------------------------------------------------------------------------------------------------------------------------------------------------------------------------------------------------------------------------------------------------------+
; Analysis & Synthesis Resource Utilization by Entity                                                                                                                                                                                                                                                  ;
+-------------------------------------------+-------------------+--------------+-------------+--------------+---------+-----------+------+--------------+-------------------------------------------------------------------------------------------------------------------------------+--------------+
; Compilation Hierarchy Node                ; LC Combinationals ; LC Registers ; Memory Bits ; DSP Elements ; DSP 9x9 ; DSP 18x18 ; Pins ; Virtual Pins ; Full Hierarchy Name                                                                                                           ; Library Name ;
+-------------------------------------------+-------------------+--------------+-------------+--------------+---------+-----------+------+--------------+-------------------------------------------------------------------------------------------------------------------------------+--------------+
; |WashMachine                              ; 181 (39)          ; 10 (10)      ; 0           ; 0            ; 0       ; 0         ; 55   ; 0            ; |WashMachine                                                                                                                  ; work         ;
;    |AddWater:AW1|                         ; 16 (16)           ; 0 (0)        ; 0           ; 0            ; 0       ; 0         ; 0    ; 0            ; |WashMachine|AddWater:AW1                                                                                                     ; work         ;
;    |ClothesLevel:CL1|                     ; 126 (34)          ; 0 (0)        ; 0           ; 0            ; 0       ; 0         ; 0    ; 0            ; |WashMachine|ClothesLevel:CL1                                                                                                 ; work         ;
;       |lpm_divide:Div0|                   ; 92 (0)            ; 0 (0)        ; 0           ; 0            ; 0       ; 0         ; 0    ; 0            ; |WashMachine|ClothesLevel:CL1|lpm_divide:Div0                                                                                 ; work         ;
;          |lpm_divide_cem:auto_generated|  ; 92 (0)            ; 0 (0)        ; 0           ; 0            ; 0       ; 0         ; 0    ; 0            ; |WashMachine|ClothesLevel:CL1|lpm_divide:Div0|lpm_divide_cem:auto_generated                                                   ; work         ;
;             |sign_div_unsign_mlh:divider| ; 92 (0)            ; 0 (0)        ; 0           ; 0            ; 0       ; 0         ; 0    ; 0            ; |WashMachine|ClothesLevel:CL1|lpm_divide:Div0|lpm_divide_cem:auto_generated|sign_div_unsign_mlh:divider                       ; work         ;
;                |alt_u_div_e2f:divider|    ; 92 (92)           ; 0 (0)        ; 0           ; 0            ; 0       ; 0         ; 0    ; 0            ; |WashMachine|ClothesLevel:CL1|lpm_divide:Div0|lpm_divide_cem:auto_generated|sign_div_unsign_mlh:divider|alt_u_div_e2f:divider ; work         ;
+-------------------------------------------+-------------------+--------------+-------------+--------------+---------+-----------+------+--------------+-------------------------------------------------------------------------------------------------------------------------------+--------------+
Note: For table entries with two numbers listed, the numbers in parentheses indicate the number of resources of the given type used by the specific entity alone. The numbers listed outside of parentheses indicate the total resources of the given type used by the specific entity and all of its sub-entities in the hierarchy.


Encoding Type:  One-Hot
+-------------------------------------------------------------------------------------------------------------------------------------------------------------------------+
; State Machine - |WashMachine|curr_state                                                                                                                                 ;
+----------------+----------------+----------------+----------------+----------------+----------------+----------------+----------------+----------------+----------------+
; Name           ; curr_state.STP ; curr_state.ST7 ; curr_state.ST6 ; curr_state.ST5 ; curr_state.ST4 ; curr_state.ST3 ; curr_state.ST2 ; curr_state.ST1 ; curr_state.ST0 ;
+----------------+----------------+----------------+----------------+----------------+----------------+----------------+----------------+----------------+----------------+
; curr_state.ST0 ; 0              ; 0              ; 0              ; 0              ; 0              ; 0              ; 0              ; 0              ; 0              ;
; curr_state.ST1 ; 0              ; 0              ; 0              ; 0              ; 0              ; 0              ; 0              ; 1              ; 1              ;
; curr_state.ST2 ; 0              ; 0              ; 0              ; 0              ; 0              ; 0              ; 1              ; 0              ; 1              ;
; curr_state.ST3 ; 0              ; 0              ; 0              ; 0              ; 0              ; 1              ; 0              ; 0              ; 1              ;
; curr_state.ST4 ; 0              ; 0              ; 0              ; 0              ; 1              ; 0              ; 0              ; 0              ; 1              ;
; curr_state.ST5 ; 0              ; 0              ; 0              ; 1              ; 0              ; 0              ; 0              ; 0              ; 1              ;
; curr_state.ST6 ; 0              ; 0              ; 1              ; 0              ; 0              ; 0              ; 0              ; 0              ; 1              ;
; curr_state.ST7 ; 0              ; 1              ; 0              ; 0              ; 0              ; 0              ; 0              ; 0              ; 1              ;
; curr_state.STP ; 1              ; 0              ; 0              ; 0              ; 0              ; 0              ; 0              ; 0              ; 1              ;
+----------------+----------------+----------------+----------------+----------------+----------------+----------------+----------------+----------------+----------------+


+---------------------------------------------------------------------------------------------------+
; User-Specified and Inferred Latches                                                               ;
+----------------------------------------------------+---------------------+------------------------+
; Latch Name                                         ; Latch Enable Signal ; Free of Timing Hazards ;
+----------------------------------------------------+---------------------+------------------------+
; prev_state.ST2_428                                 ; Selector19          ; yes                    ;
; addWaterEnable                                     ; curr_state.STP      ; yes                    ;
; prev_state.ST5_383                                 ; Selector19          ; yes                    ;
; prev_state.ST7_353                                 ; Selector19          ; yes                    ;
; drainWaterEnable                                   ; curr_state.STP      ; yes                    ;
; prev_state.ST1_443                                 ; Selector19          ; yes                    ;
; prev_state.ST4_398                                 ; Selector19          ; yes                    ;
; prev_state.ST3_413                                 ; Selector19          ; yes                    ;
; prev_state.ST6_368                                 ; Selector19          ; yes                    ;
; Number of user-specified and inferred latches = 9  ;                     ;                        ;
+----------------------------------------------------+---------------------+------------------------+
Note: All latches listed above may not be present at the end of synthesis due to various synthesis optimizations.


+------------------------------------------------------+
; General Register Statistics                          ;
+----------------------------------------------+-------+
; Statistic                                    ; Value ;
+----------------------------------------------+-------+
; Total registers                              ; 10    ;
; Number of registers using Synchronous Clear  ; 0     ;
; Number of registers using Synchronous Load   ; 0     ;
; Number of registers using Asynchronous Clear ; 0     ;
; Number of registers using Asynchronous Load  ; 0     ;
; Number of registers using Clock Enable       ; 0     ;
; Number of registers using Preset             ; 0     ;
+----------------------------------------------+-------+


+-----------------------------------------------------------------------------------+
; Parameter Settings for Inferred Entity Instance: ClothesLevel:CL1|lpm_divide:Div0 ;
+------------------------+----------------+-----------------------------------------+
; Parameter Name         ; Value          ; Type                                    ;
+------------------------+----------------+-----------------------------------------+
; LPM_WIDTHN             ; 14             ; Untyped                                 ;
; LPM_WIDTHD             ; 2              ; Untyped                                 ;
; LPM_NREPRESENTATION    ; UNSIGNED       ; Untyped                                 ;
; LPM_DREPRESENTATION    ; UNSIGNED       ; Untyped                                 ;
; LPM_PIPELINE           ; 0              ; Untyped                                 ;
; LPM_REMAINDERPOSITIVE  ; TRUE           ; Untyped                                 ;
; MAXIMIZE_SPEED         ; 5              ; Untyped                                 ;
; CBXI_PARAMETER         ; lpm_divide_cem ; Untyped                                 ;
; CARRY_CHAIN            ; MANUAL         ; Untyped                                 ;
; OPTIMIZE_FOR_SPEED     ; 5              ; Untyped                                 ;
; AUTO_CARRY_CHAINS      ; ON             ; AUTO_CARRY                              ;
; IGNORE_CARRY_BUFFERS   ; OFF            ; IGNORE_CARRY                            ;
; AUTO_CASCADE_CHAINS    ; ON             ; AUTO_CASCADE                            ;
; IGNORE_CASCADE_BUFFERS ; OFF            ; IGNORE_CASCADE                          ;
+------------------------+----------------+-----------------------------------------+
Note: In order to hide this table in the UI and the text report file, please set the "Show Parameter Settings in Synthesis Report" option in "Analysis and Synthesis Settings -> More Settings" to "Off".


+-------------------------------+
; Elapsed Time Per Partition    ;
+----------------+--------------+
; Partition Name ; Elapsed Time ;
+----------------+--------------+
; Top            ; 00:00:00     ;
+----------------+--------------+


+-------------------------------+
; Analysis & Synthesis Messages ;
+-------------------------------+
Info: *******************************************************************
Info: Running Quartus II 64-Bit Analysis & Synthesis
    Info: Version 13.0.1 Build 232 06/12/2013 Service Pack 1 SJ Web Edition
    Info: Processing started: Tue Oct 27 19:53:22 2020
Info: Command: quartus_map --read_settings_files=on --write_settings_files=off TP -c TP
Warning (20028): Parallel compilation is not licensed and has been disabled
Info (12021): Found 2 design units, including 1 entities, in source file timer.vhd
    Info (12022): Found design unit 1: timer-rtl
    Info (12023): Found entity 1: timer
Info (12021): Found 2 design units, including 1 entities, in source file clotheslevel.vhd
    Info (12022): Found design unit 1: ClothesLevel-estrutural
    Info (12023): Found entity 1: ClothesLevel
Info (12021): Found 2 design units, including 1 entities, in source file tb_clotheslevel.vhd
    Info (12022): Found design unit 1: testbench-tb_ClothesLevel
    Info (12023): Found entity 1: testbench
Info (12021): Found 2 design units, including 1 entities, in source file drainout.vhd
    Info (12022): Found design unit 1: DrainOut-rtl
    Info (12023): Found entity 1: DrainOut
Info (12021): Found 2 design units, including 1 entities, in source file tb_drainout.vhd
    Info (12022): Found design unit 1: tb_DrainOut-testbench
    Info (12023): Found entity 1: tb_DrainOut
Info (12021): Found 2 design units, including 1 entities, in source file tb_timer.vhd
    Info (12022): Found design unit 1: tb_timer-testbench
    Info (12023): Found entity 1: tb_timer
Info (12021): Found 2 design units, including 1 entities, in source file addwater.vhd
    Info (12022): Found design unit 1: AddWater-rtl
    Info (12023): Found entity 1: AddWater
Info (12021): Found 2 design units, including 1 entities, in source file tb_addwater.vhd
    Info (12022): Found design unit 1: tb_AddWater-testbench
    Info (12023): Found entity 1: tb_AddWater
Info (12021): Found 2 design units, including 1 entities, in source file washmachine.vhd
    Info (12022): Found design unit 1: WashMachine-rtl
    Info (12023): Found entity 1: WashMachine
Info (12021): Found 2 design units, including 1 entities, in source file tb_washmachine.vhd
    Info (12022): Found design unit 1: tb_WashMachine-testbench
    Info (12023): Found entity 1: tb_WashMachine
Info (12127): Elaborating entity "WashMachine" for the top level hierarchy
Warning (10492): VHDL Process Statement warning at WashMachine.vhd(141): signal "drainWaterFinished" is read inside the Process Statement but isn't in the Process Statement's sensitivity list
Warning (10492): VHDL Process Statement warning at WashMachine.vhd(199): signal "drainWaterFinished" is read inside the Process Statement but isn't in the Process Statement's sensitivity list
Warning (10631): VHDL Process Statement warning at WashMachine.vhd(69): inferring latch(es) for signal or variable "addWaterEnable", which holds its previous value in one or more paths through the process
Warning (10631): VHDL Process Statement warning at WashMachine.vhd(69): inferring latch(es) for signal or variable "drainWaterEnable", which holds its previous value in one or more paths through the process
Warning (10631): VHDL Process Statement warning at WashMachine.vhd(69): inferring latch(es) for signal or variable "prev_state", which holds its previous value in one or more paths through the process
Info (10041): Inferred latch for "prev_state.STP" at WashMachine.vhd(69)
Info (10041): Inferred latch for "prev_state.ST7" at WashMachine.vhd(69)
Info (10041): Inferred latch for "prev_state.ST6" at WashMachine.vhd(69)
Info (10041): Inferred latch for "prev_state.ST5" at WashMachine.vhd(69)
Info (10041): Inferred latch for "prev_state.ST4" at WashMachine.vhd(69)
Info (10041): Inferred latch for "prev_state.ST3" at WashMachine.vhd(69)
Info (10041): Inferred latch for "prev_state.ST2" at WashMachine.vhd(69)
Info (10041): Inferred latch for "prev_state.ST1" at WashMachine.vhd(69)
Info (10041): Inferred latch for "prev_state.ST0" at WashMachine.vhd(69)
Info (10041): Inferred latch for "drainWaterEnable" at WashMachine.vhd(69)
Info (10041): Inferred latch for "addWaterEnable" at WashMachine.vhd(69)
Info (12128): Elaborating entity "ClothesLevel" for hierarchy "ClothesLevel:CL1"
Info (12128): Elaborating entity "AddWater" for hierarchy "AddWater:AW1"
Info (12128): Elaborating entity "DrainOut" for hierarchy "DrainOut:DO1"
Info (278001): Inferred 1 megafunctions from design logic
    Info (278004): Inferred divider/modulo megafunction ("lpm_divide") from the following logic: "ClothesLevel:CL1|Div0"
Info (12130): Elaborated megafunction instantiation "ClothesLevel:CL1|lpm_divide:Div0"
Info (12133): Instantiated megafunction "ClothesLevel:CL1|lpm_divide:Div0" with the following parameter:
    Info (12134): Parameter "LPM_WIDTHN" = "14"
    Info (12134): Parameter "LPM_WIDTHD" = "2"
    Info (12134): Parameter "LPM_NREPRESENTATION" = "UNSIGNED"
    Info (12134): Parameter "LPM_DREPRESENTATION" = "UNSIGNED"
Info (12021): Found 1 design units, including 1 entities, in source file db/lpm_divide_cem.tdf
    Info (12023): Found entity 1: lpm_divide_cem
Info (12021): Found 1 design units, including 1 entities, in source file db/sign_div_unsign_mlh.tdf
    Info (12023): Found entity 1: sign_div_unsign_mlh
Info (12021): Found 1 design units, including 1 entities, in source file db/alt_u_div_e2f.tdf
    Info (12023): Found entity 1: alt_u_div_e2f
Info (12021): Found 1 design units, including 1 entities, in source file db/add_sub_lkc.tdf
    Info (12023): Found entity 1: add_sub_lkc
Info (12021): Found 1 design units, including 1 entities, in source file db/add_sub_mkc.tdf
    Info (12023): Found entity 1: add_sub_mkc
Info (16010): Generating hard_block partition "hard_block:auto_generated_inst"
    Info (16011): Adding 0 node(s), including 0 DDIO, 0 PLL, 0 transceiver and 0 LCELL
Info (21057): Implemented 237 device resources after synthesis - the final resource count might be different
    Info (21058): Implemented 50 input pins
    Info (21059): Implemented 5 output pins
    Info (21061): Implemented 182 logic cells
Info: Quartus II 64-Bit Analysis & Synthesis was successful. 0 errors, 6 warnings
    Info: Peak virtual memory: 4665 megabytes
    Info: Processing ended: Tue Oct 27 19:53:23 2020
    Info: Elapsed time: 00:00:01
    Info: Total CPU time (on all processors): 00:00:02


